{"C:\\Users\\Gustavo\\Desktop\\Desafio-agroge\\challenger-coffee\\src\\styleMock.js": {"path":"C:\\Users\\Gustavo\\Desktop\\Desafio-agroge\\challenger-coffee\\src\\styleMock.js","statementMap":{"0":{"start":{"line":3,"column":0},"end":{"line":3,"column":20}}},"fnMap":{},"branchMap":{},"s":{"0":1},"f":{},"b":{},"_coverageSchema":"1a1c01bbd47fc00a2c39e90264f33305004495a9","hash":"09ff1f2a8dee805c101ee42126cd720432f7f740"}
,"C:\\Users\\Gustavo\\Desktop\\Desafio-agroge\\challenger-coffee\\src\\components\\ui\\Button\\button.jsx": {"path":"C:\\Users\\Gustavo\\Desktop\\Desafio-agroge\\challenger-coffee\\src\\components\\ui\\Button\\button.jsx","statementMap":{"0":{"start":{"line":4,"column":15},"end":{"line":10,"column":1}},"1":{"start":{"line":5,"column":2},"end":{"line":9,"column":4}}},"fnMap":{"0":{"name":"(anonymous_0)","decl":{"start":{"line":4,"column":15},"end":{"line":4,"column":16}},"loc":{"start":{"line":4,"column":59},"end":{"line":10,"column":1}},"line":4}},"branchMap":{"0":{"loc":{"start":{"line":4,"column":28},"end":{"line":4,"column":42}},"type":"default-arg","locations":[{"start":{"line":4,"column":40},"end":{"line":4,"column":42}}],"line":4}},"s":{"0":1,"1":1},"f":{"0":1},"b":{"0":[1]},"_coverageSchema":"1a1c01bbd47fc00a2c39e90264f33305004495a9","hash":"d9549e8d0b4a9d79e23f2899b0e25e224135cbca"}
,"C:\\Users\\Gustavo\\Desktop\\Desafio-agroge\\challenger-coffee\\src\\services\\api.js": {"path":"C:\\Users\\Gustavo\\Desktop\\Desafio-agroge\\challenger-coffee\\src\\services\\api.js","statementMap":{"0":{"start":{"line":3,"column":20},"end":{"line":3,"column":64}},"1":{"start":{"line":5,"column":16},"end":{"line":5,"column":17}},"2":{"start":{"line":7,"column":30},"end":{"line":16,"column":1}},"3":{"start":{"line":8,"column":2},"end":{"line":15,"column":3}},"4":{"start":{"line":9,"column":21},"end":{"line":9,"column":66}},"5":{"start":{"line":10,"column":4},"end":{"line":10,"column":16}},"6":{"start":{"line":11,"column":4},"end":{"line":11,"column":25}},"7":{"start":{"line":13,"column":4},"end":{"line":13,"column":54}},"8":{"start":{"line":14,"column":4},"end":{"line":14,"column":40}}},"fnMap":{"0":{"name":"(anonymous_0)","decl":{"start":{"line":7,"column":30},"end":{"line":7,"column":31}},"loc":{"start":{"line":7,"column":42},"end":{"line":16,"column":1}},"line":7}},"branchMap":{},"s":{"0":1,"1":1,"2":1,"3":1,"4":1,"5":1,"6":1,"7":0,"8":0},"f":{"0":1},"b":{},"_coverageSchema":"1a1c01bbd47fc00a2c39e90264f33305004495a9","hash":"58823de8be67cafa26f955c2e0fc8911ee100131"}
}
